<?xml version="1.0" encoding="UTF-8"?>
<!-- Generated by org.testng.reporters.JUnitXMLReporter -->
<testsuite ignored="0" hostname="SRIDEVI-NARVA" failures="0" tests="7" name="Test" time="8.226" errors="0" timestamp="2025-06-09T13:23:59 EDT">
  <testcase classname="tests.CreateUserTest" name="createUserTest" time="4.571"/>
  <testcase classname="tests.CreateUserTest" name="createUserTest" time="0.304"/>
  <testcase classname="tests.CreateUserTest" name="createUserTest" time="0.266"/>
  <testcase classname="tests.CreateUserTest" name="createUserTest" time="0.269"/>
  <testcase classname="tests.GetUserByIdTest" name="getUserByIdTest" time="0.3"/>
  <testcase classname="tests.GetUserByIdTest" name="getUserByIdTest" time="0.263"/>
  <testcase classname="tests.GetUserByIdTest" name="getUserByIdTest" time="0.326"/>
</testsuite> <!-- Test -->
