<?xml version="1.0" encoding="UTF-8"?>
<testng-results ignored="0" total="50" passed="50" failed="0" skipped="0">
  <reporter-output>
  </reporter-output>
  <suite started-at="2025-06-12T19:33:29 PDT" name="Default suite" finished-at="2025-06-12T19:34:08 PDT" duration-ms="38946">
    <groups>
      <group name="cucumber">
        <method signature="AbstractTestNGCucumberTests.runScenario(io.cucumber.testng.PickleWrapper,io.cucumber.testng.FeatureWrapper)[pri:0, instance:runner.TestRunner@7daa0fbd]" name="runScenario" class="io.cucumber.testng.AbstractTestNGCucumberTests"/>
      </group> <!-- cucumber -->
    </groups>
    <test started-at="2025-06-12T19:33:29 PDT" name="Default test" finished-at="2025-06-12T19:34:08 PDT" duration-ms="38946">
      <class name="runner.TestRunner">
        <test-method is-config="true" signature="setAllureResultDirectory()[pri:0, instance:runner.TestRunner@7daa0fbd]" started-at="2025-06-12T19:33:29 PDT" name="setAllureResultDirectory" finished-at="2025-06-12T19:33:29 PDT" duration-ms="13" status="PASS">
          <reporter-output>
          </reporter-output>
        </test-method> <!-- setAllureResultDirectory -->
        <test-method is-config="true" signature="setUpClass(org.testng.ITestContext)[pri:0, instance:runner.TestRunner@7daa0fbd]" started-at="2025-06-12T19:33:29 PDT" name="setUpClass" finished-at="2025-06-12T19:33:30 PDT" duration-ms="1456" status="PASS">
          <params>
            <param index="0">
              <value>
                <![CDATA[org.testng.TestRunner@5ca896af]]>
              </value>
            </param>
          </params>
          <reporter-output>
          </reporter-output>
        </test-method> <!-- setUpClass -->
        <test-method signature="runScenario(io.cucumber.testng.PickleWrapper,io.cucumber.testng.FeatureWrapper)[pri:0, instance:runner.TestRunner@7daa0fbd]" started-at="2025-06-12T19:33:30 PDT" name="runScenario" description="Runs Cucumber Scenarios" data-provider="scenarios" finished-at="2025-06-12T19:33:37 PDT" duration-ms="6551" status="PASS">
          <params>
            <param index="0">
              <value>
                <![CDATA["Validate all user-related API operations from Excel"]]>
              </value>
            </param>
            <param index="1">
              <value>
                <![CDATA["Get all users"]]>
              </value>
            </param>
          </params>
          <reporter-output>
          </reporter-output>
        </test-method> <!-- runScenario -->
        <test-method signature="runScenario(io.cucumber.testng.PickleWrapper,io.cucumber.testng.FeatureWrapper)[pri:0, instance:runner.TestRunner@7daa0fbd]" started-at="2025-06-12T19:33:37 PDT" name="runScenario" description="Runs Cucumber Scenarios" data-provider="scenarios" finished-at="2025-06-12T19:33:38 PDT" duration-ms="698" status="PASS">
          <params>
            <param index="0">
              <value>
                <![CDATA["Validate all user-related API operations from Excel"]]>
              </value>
            </param>
            <param index="1">
              <value>
                <![CDATA["Get all users"]]>
              </value>
            </param>
          </params>
          <reporter-output>
          </reporter-output>
        </test-method> <!-- runScenario -->
        <test-method signature="runScenario(io.cucumber.testng.PickleWrapper,io.cucumber.testng.FeatureWrapper)[pri:0, instance:runner.TestRunner@7daa0fbd]" started-at="2025-06-12T19:33:38 PDT" name="runScenario" description="Runs Cucumber Scenarios" data-provider="scenarios" finished-at="2025-06-12T19:33:38 PDT" duration-ms="674" status="PASS">
          <params>
            <param index="0">
              <value>
                <![CDATA["Validate all user-related API operations from Excel"]]>
              </value>
            </param>
            <param index="1">
              <value>
                <![CDATA["Get all users"]]>
              </value>
            </param>
          </params>
          <reporter-output>
          </reporter-output>
        </test-method> <!-- runScenario -->
        <test-method signature="runScenario(io.cucumber.testng.PickleWrapper,io.cucumber.testng.FeatureWrapper)[pri:0, instance:runner.TestRunner@7daa0fbd]" started-at="2025-06-12T19:33:38 PDT" name="runScenario" description="Runs Cucumber Scenarios" data-provider="scenarios" finished-at="2025-06-12T19:33:39 PDT" duration-ms="646" status="PASS">
          <params>
            <param index="0">
              <value>
                <![CDATA["Validate all user-related API operations from Excel"]]>
              </value>
            </param>
            <param index="1">
              <value>
                <![CDATA["Get all users"]]>
              </value>
            </param>
          </params>
          <reporter-output>
          </reporter-output>
        </test-method> <!-- runScenario -->
        <test-method signature="runScenario(io.cucumber.testng.PickleWrapper,io.cucumber.testng.FeatureWrapper)[pri:0, instance:runner.TestRunner@7daa0fbd]" started-at="2025-06-12T19:33:39 PDT" name="runScenario" description="Runs Cucumber Scenarios" data-provider="scenarios" finished-at="2025-06-12T19:33:40 PDT" duration-ms="1153" status="PASS">
          <params>
            <param index="0">
              <value>
                <![CDATA["Validate POST user creation from Excel"]]>
              </value>
            </param>
            <param index="1">
              <value>
                <![CDATA["POST operation Create User API Validation"]]>
              </value>
            </param>
          </params>
          <reporter-output>
          </reporter-output>
        </test-method> <!-- runScenario -->
        <test-method signature="runScenario(io.cucumber.testng.PickleWrapper,io.cucumber.testng.FeatureWrapper)[pri:0, instance:runner.TestRunner@7daa0fbd]" started-at="2025-06-12T19:33:40 PDT" name="runScenario" description="Runs Cucumber Scenarios" data-provider="scenarios" finished-at="2025-06-12T19:33:41 PDT" duration-ms="611" status="PASS">
          <params>
            <param index="0">
              <value>
                <![CDATA["Validate POST user creation from Excel"]]>
              </value>
            </param>
            <param index="1">
              <value>
                <![CDATA["POST operation Create User API Validation"]]>
              </value>
            </param>
          </params>
          <reporter-output>
          </reporter-output>
        </test-method> <!-- runScenario -->
        <test-method signature="runScenario(io.cucumber.testng.PickleWrapper,io.cucumber.testng.FeatureWrapper)[pri:0, instance:runner.TestRunner@7daa0fbd]" started-at="2025-06-12T19:33:41 PDT" name="runScenario" description="Runs Cucumber Scenarios" data-provider="scenarios" finished-at="2025-06-12T19:33:41 PDT" duration-ms="628" status="PASS">
          <params>
            <param index="0">
              <value>
                <![CDATA["Validate POST user creation from Excel"]]>
              </value>
            </param>
            <param index="1">
              <value>
                <![CDATA["POST operation Create User API Validation"]]>
              </value>
            </param>
          </params>
          <reporter-output>
          </reporter-output>
        </test-method> <!-- runScenario -->
        <test-method signature="runScenario(io.cucumber.testng.PickleWrapper,io.cucumber.testng.FeatureWrapper)[pri:0, instance:runner.TestRunner@7daa0fbd]" started-at="2025-06-12T19:33:41 PDT" name="runScenario" description="Runs Cucumber Scenarios" data-provider="scenarios" finished-at="2025-06-12T19:33:42 PDT" duration-ms="648" status="PASS">
          <params>
            <param index="0">
              <value>
                <![CDATA["Validate POST user creation from Excel"]]>
              </value>
            </param>
            <param index="1">
              <value>
                <![CDATA["POST operation Create User API Validation"]]>
              </value>
            </param>
          </params>
          <reporter-output>
          </reporter-output>
        </test-method> <!-- runScenario -->
        <test-method signature="runScenario(io.cucumber.testng.PickleWrapper,io.cucumber.testng.FeatureWrapper)[pri:0, instance:runner.TestRunner@7daa0fbd]" started-at="2025-06-12T19:33:42 PDT" name="runScenario" description="Runs Cucumber Scenarios" data-provider="scenarios" finished-at="2025-06-12T19:33:42 PDT" duration-ms="510" status="PASS">
          <params>
            <param index="0">
              <value>
                <![CDATA["Validate POST user creation from Excel"]]>
              </value>
            </param>
            <param index="1">
              <value>
                <![CDATA["POST operation Create User API Validation"]]>
              </value>
            </param>
          </params>
          <reporter-output>
          </reporter-output>
        </test-method> <!-- runScenario -->
        <test-method signature="runScenario(io.cucumber.testng.PickleWrapper,io.cucumber.testng.FeatureWrapper)[pri:0, instance:runner.TestRunner@7daa0fbd]" started-at="2025-06-12T19:33:42 PDT" name="runScenario" description="Runs Cucumber Scenarios" data-provider="scenarios" finished-at="2025-06-12T19:33:43 PDT" duration-ms="644" status="PASS">
          <params>
            <param index="0">
              <value>
                <![CDATA["Validate GET user with userid"]]>
              </value>
            </param>
            <param index="1">
              <value>
                <![CDATA["GET operation GET_userid API Validation"]]>
              </value>
            </param>
          </params>
          <reporter-output>
          </reporter-output>
        </test-method> <!-- runScenario -->
        <test-method signature="runScenario(io.cucumber.testng.PickleWrapper,io.cucumber.testng.FeatureWrapper)[pri:0, instance:runner.TestRunner@7daa0fbd]" started-at="2025-06-12T19:33:43 PDT" name="runScenario" description="Runs Cucumber Scenarios" data-provider="scenarios" finished-at="2025-06-12T19:33:44 PDT" duration-ms="677" status="PASS">
          <params>
            <param index="0">
              <value>
                <![CDATA["Validate GET user with userid"]]>
              </value>
            </param>
            <param index="1">
              <value>
                <![CDATA["GET operation GET_userid API Validation"]]>
              </value>
            </param>
          </params>
          <reporter-output>
          </reporter-output>
        </test-method> <!-- runScenario -->
        <test-method signature="runScenario(io.cucumber.testng.PickleWrapper,io.cucumber.testng.FeatureWrapper)[pri:0, instance:runner.TestRunner@7daa0fbd]" started-at="2025-06-12T19:33:44 PDT" name="runScenario" description="Runs Cucumber Scenarios" data-provider="scenarios" finished-at="2025-06-12T19:33:44 PDT" duration-ms="637" status="PASS">
          <params>
            <param index="0">
              <value>
                <![CDATA["Validate GET user with userid"]]>
              </value>
            </param>
            <param index="1">
              <value>
                <![CDATA["GET operation GET_userid API Validation"]]>
              </value>
            </param>
          </params>
          <reporter-output>
          </reporter-output>
        </test-method> <!-- runScenario -->
        <test-method signature="runScenario(io.cucumber.testng.PickleWrapper,io.cucumber.testng.FeatureWrapper)[pri:0, instance:runner.TestRunner@7daa0fbd]" started-at="2025-06-12T19:33:44 PDT" name="runScenario" description="Runs Cucumber Scenarios" data-provider="scenarios" finished-at="2025-06-12T19:33:45 PDT" duration-ms="670" status="PASS">
          <params>
            <param index="0">
              <value>
                <![CDATA["Validate GET user with userid"]]>
              </value>
            </param>
            <param index="1">
              <value>
                <![CDATA["GET operation GET_userid API Validation"]]>
              </value>
            </param>
          </params>
          <reporter-output>
          </reporter-output>
        </test-method> <!-- runScenario -->
        <test-method signature="runScenario(io.cucumber.testng.PickleWrapper,io.cucumber.testng.FeatureWrapper)[pri:0, instance:runner.TestRunner@7daa0fbd]" started-at="2025-06-12T19:33:45 PDT" name="runScenario" description="Runs Cucumber Scenarios" data-provider="scenarios" finished-at="2025-06-12T19:33:46 PDT" duration-ms="609" status="PASS">
          <params>
            <param index="0">
              <value>
                <![CDATA["Validate GET user with userid"]]>
              </value>
            </param>
            <param index="1">
              <value>
                <![CDATA["GET operation GET_userid API Validation"]]>
              </value>
            </param>
          </params>
          <reporter-output>
          </reporter-output>
        </test-method> <!-- runScenario -->
        <test-method signature="runScenario(io.cucumber.testng.PickleWrapper,io.cucumber.testng.FeatureWrapper)[pri:0, instance:runner.TestRunner@7daa0fbd]" started-at="2025-06-12T19:33:46 PDT" name="runScenario" description="Runs Cucumber Scenarios" data-provider="scenarios" finished-at="2025-06-12T19:33:46 PDT" duration-ms="653" status="PASS">
          <params>
            <param index="0">
              <value>
                <![CDATA["Validate GET user with userid"]]>
              </value>
            </param>
            <param index="1">
              <value>
                <![CDATA["GET operation GET_userid API Validation"]]>
              </value>
            </param>
          </params>
          <reporter-output>
          </reporter-output>
        </test-method> <!-- runScenario -->
        <test-method signature="runScenario(io.cucumber.testng.PickleWrapper,io.cucumber.testng.FeatureWrapper)[pri:0, instance:runner.TestRunner@7daa0fbd]" started-at="2025-06-12T19:33:46 PDT" name="runScenario" description="Runs Cucumber Scenarios" data-provider="scenarios" finished-at="2025-06-12T19:33:47 PDT" duration-ms="626" status="PASS">
          <params>
            <param index="0">
              <value>
                <![CDATA["Validate GET user with userid"]]>
              </value>
            </param>
            <param index="1">
              <value>
                <![CDATA["GET operation GET_userid API Validation"]]>
              </value>
            </param>
          </params>
          <reporter-output>
          </reporter-output>
        </test-method> <!-- runScenario -->
        <test-method signature="runScenario(io.cucumber.testng.PickleWrapper,io.cucumber.testng.FeatureWrapper)[pri:0, instance:runner.TestRunner@7daa0fbd]" started-at="2025-06-12T19:33:47 PDT" name="runScenario" description="Runs Cucumber Scenarios" data-provider="scenarios" finished-at="2025-06-12T19:33:48 PDT" duration-ms="706" status="PASS">
          <params>
            <param index="0">
              <value>
                <![CDATA["Validate GET user with username"]]>
              </value>
            </param>
            <param index="1">
              <value>
                <![CDATA["GET operation GET_username API Validation"]]>
              </value>
            </param>
          </params>
          <reporter-output>
          </reporter-output>
        </test-method> <!-- runScenario -->
        <test-method signature="runScenario(io.cucumber.testng.PickleWrapper,io.cucumber.testng.FeatureWrapper)[pri:0, instance:runner.TestRunner@7daa0fbd]" started-at="2025-06-12T19:33:48 PDT" name="runScenario" description="Runs Cucumber Scenarios" data-provider="scenarios" finished-at="2025-06-12T19:33:48 PDT" duration-ms="610" status="PASS">
          <params>
            <param index="0">
              <value>
                <![CDATA["Validate GET user with username"]]>
              </value>
            </param>
            <param index="1">
              <value>
                <![CDATA["GET operation GET_username API Validation"]]>
              </value>
            </param>
          </params>
          <reporter-output>
          </reporter-output>
        </test-method> <!-- runScenario -->
        <test-method signature="runScenario(io.cucumber.testng.PickleWrapper,io.cucumber.testng.FeatureWrapper)[pri:0, instance:runner.TestRunner@7daa0fbd]" started-at="2025-06-12T19:33:48 PDT" name="runScenario" description="Runs Cucumber Scenarios" data-provider="scenarios" finished-at="2025-06-12T19:33:49 PDT" duration-ms="626" status="PASS">
          <params>
            <param index="0">
              <value>
                <![CDATA["Validate GET user with username"]]>
              </value>
            </param>
            <param index="1">
              <value>
                <![CDATA["GET operation GET_username API Validation"]]>
              </value>
            </param>
          </params>
          <reporter-output>
          </reporter-output>
        </test-method> <!-- runScenario -->
        <test-method signature="runScenario(io.cucumber.testng.PickleWrapper,io.cucumber.testng.FeatureWrapper)[pri:0, instance:runner.TestRunner@7daa0fbd]" started-at="2025-06-12T19:33:49 PDT" name="runScenario" description="Runs Cucumber Scenarios" data-provider="scenarios" finished-at="2025-06-12T19:33:50 PDT" duration-ms="573" status="PASS">
          <params>
            <param index="0">
              <value>
                <![CDATA["Validate GET user with username"]]>
              </value>
            </param>
            <param index="1">
              <value>
                <![CDATA["GET operation GET_username API Validation"]]>
              </value>
            </param>
          </params>
          <reporter-output>
          </reporter-output>
        </test-method> <!-- runScenario -->
        <test-method signature="runScenario(io.cucumber.testng.PickleWrapper,io.cucumber.testng.FeatureWrapper)[pri:0, instance:runner.TestRunner@7daa0fbd]" started-at="2025-06-12T19:33:50 PDT" name="runScenario" description="Runs Cucumber Scenarios" data-provider="scenarios" finished-at="2025-06-12T19:33:50 PDT" duration-ms="637" status="PASS">
          <params>
            <param index="0">
              <value>
                <![CDATA["Validate GET user with username"]]>
              </value>
            </param>
            <param index="1">
              <value>
                <![CDATA["GET operation GET_username API Validation"]]>
              </value>
            </param>
          </params>
          <reporter-output>
          </reporter-output>
        </test-method> <!-- runScenario -->
        <test-method signature="runScenario(io.cucumber.testng.PickleWrapper,io.cucumber.testng.FeatureWrapper)[pri:0, instance:runner.TestRunner@7daa0fbd]" started-at="2025-06-12T19:33:50 PDT" name="runScenario" description="Runs Cucumber Scenarios" data-provider="scenarios" finished-at="2025-06-12T19:33:51 PDT" duration-ms="616" status="PASS">
          <params>
            <param index="0">
              <value>
                <![CDATA["Validate GET user with username"]]>
              </value>
            </param>
            <param index="1">
              <value>
                <![CDATA["GET operation GET_username API Validation"]]>
              </value>
            </param>
          </params>
          <reporter-output>
          </reporter-output>
        </test-method> <!-- runScenario -->
        <test-method signature="runScenario(io.cucumber.testng.PickleWrapper,io.cucumber.testng.FeatureWrapper)[pri:0, instance:runner.TestRunner@7daa0fbd]" started-at="2025-06-12T19:33:51 PDT" name="runScenario" description="Runs Cucumber Scenarios" data-provider="scenarios" finished-at="2025-06-12T19:33:51 PDT" duration-ms="611" status="PASS">
          <params>
            <param index="0">
              <value>
                <![CDATA["Validate GET user with username"]]>
              </value>
            </param>
            <param index="1">
              <value>
                <![CDATA["GET operation GET_username API Validation"]]>
              </value>
            </param>
          </params>
          <reporter-output>
          </reporter-output>
        </test-method> <!-- runScenario -->
        <test-method signature="runScenario(io.cucumber.testng.PickleWrapper,io.cucumber.testng.FeatureWrapper)[pri:0, instance:runner.TestRunner@7daa0fbd]" started-at="2025-06-12T19:33:51 PDT" name="runScenario" description="Runs Cucumber Scenarios" data-provider="scenarios" finished-at="2025-06-12T19:33:52 PDT" duration-ms="620" status="PASS">
          <params>
            <param index="0">
              <value>
                <![CDATA["Validate PUT user creation from Excel"]]>
              </value>
            </param>
            <param index="1">
              <value>
                <![CDATA["PUT operation Create User API Validation"]]>
              </value>
            </param>
          </params>
          <reporter-output>
          </reporter-output>
        </test-method> <!-- runScenario -->
        <test-method signature="runScenario(io.cucumber.testng.PickleWrapper,io.cucumber.testng.FeatureWrapper)[pri:0, instance:runner.TestRunner@7daa0fbd]" started-at="2025-06-12T19:33:52 PDT" name="runScenario" description="Runs Cucumber Scenarios" data-provider="scenarios" finished-at="2025-06-12T19:33:53 PDT" duration-ms="612" status="PASS">
          <params>
            <param index="0">
              <value>
                <![CDATA["Validate PUT user creation from Excel"]]>
              </value>
            </param>
            <param index="1">
              <value>
                <![CDATA["PUT operation Create User API Validation"]]>
              </value>
            </param>
          </params>
          <reporter-output>
          </reporter-output>
        </test-method> <!-- runScenario -->
        <test-method signature="runScenario(io.cucumber.testng.PickleWrapper,io.cucumber.testng.FeatureWrapper)[pri:0, instance:runner.TestRunner@7daa0fbd]" started-at="2025-06-12T19:33:53 PDT" name="runScenario" description="Runs Cucumber Scenarios" data-provider="scenarios" finished-at="2025-06-12T19:33:53 PDT" duration-ms="544" status="PASS">
          <params>
            <param index="0">
              <value>
                <![CDATA["Validate PUT user creation from Excel"]]>
              </value>
            </param>
            <param index="1">
              <value>
                <![CDATA["PUT operation Create User API Validation"]]>
              </value>
            </param>
          </params>
          <reporter-output>
          </reporter-output>
        </test-method> <!-- runScenario -->
        <test-method signature="runScenario(io.cucumber.testng.PickleWrapper,io.cucumber.testng.FeatureWrapper)[pri:0, instance:runner.TestRunner@7daa0fbd]" started-at="2025-06-12T19:33:53 PDT" name="runScenario" description="Runs Cucumber Scenarios" data-provider="scenarios" finished-at="2025-06-12T19:33:54 PDT" duration-ms="617" status="PASS">
          <params>
            <param index="0">
              <value>
                <![CDATA["Validate PUT user creation from Excel"]]>
              </value>
            </param>
            <param index="1">
              <value>
                <![CDATA["PUT operation Create User API Validation"]]>
              </value>
            </param>
          </params>
          <reporter-output>
          </reporter-output>
        </test-method> <!-- runScenario -->
        <test-method signature="runScenario(io.cucumber.testng.PickleWrapper,io.cucumber.testng.FeatureWrapper)[pri:0, instance:runner.TestRunner@7daa0fbd]" started-at="2025-06-12T19:33:54 PDT" name="runScenario" description="Runs Cucumber Scenarios" data-provider="scenarios" finished-at="2025-06-12T19:33:55 PDT" duration-ms="706" status="PASS">
          <params>
            <param index="0">
              <value>
                <![CDATA["Validate PUT user creation from Excel"]]>
              </value>
            </param>
            <param index="1">
              <value>
                <![CDATA["PUT operation Create User API Validation"]]>
              </value>
            </param>
          </params>
          <reporter-output>
          </reporter-output>
        </test-method> <!-- runScenario -->
        <test-method signature="runScenario(io.cucumber.testng.PickleWrapper,io.cucumber.testng.FeatureWrapper)[pri:0, instance:runner.TestRunner@7daa0fbd]" started-at="2025-06-12T19:33:55 PDT" name="runScenario" description="Runs Cucumber Scenarios" data-provider="scenarios" finished-at="2025-06-12T19:33:55 PDT" duration-ms="609" status="PASS">
          <params>
            <param index="0">
              <value>
                <![CDATA["Validate PUT user creation from Excel"]]>
              </value>
            </param>
            <param index="1">
              <value>
                <![CDATA["PUT operation Create User API Validation"]]>
              </value>
            </param>
          </params>
          <reporter-output>
          </reporter-output>
        </test-method> <!-- runScenario -->
        <test-method signature="runScenario(io.cucumber.testng.PickleWrapper,io.cucumber.testng.FeatureWrapper)[pri:0, instance:runner.TestRunner@7daa0fbd]" started-at="2025-06-12T19:33:55 PDT" name="runScenario" description="Runs Cucumber Scenarios" data-provider="scenarios" finished-at="2025-06-12T19:33:56 PDT" duration-ms="553" status="PASS">
          <params>
            <param index="0">
              <value>
                <![CDATA["Validate PUT user creation from Excel"]]>
              </value>
            </param>
            <param index="1">
              <value>
                <![CDATA["PUT operation Create User API Validation"]]>
              </value>
            </param>
          </params>
          <reporter-output>
          </reporter-output>
        </test-method> <!-- runScenario -->
        <test-method signature="runScenario(io.cucumber.testng.PickleWrapper,io.cucumber.testng.FeatureWrapper)[pri:0, instance:runner.TestRunner@7daa0fbd]" started-at="2025-06-12T19:33:56 PDT" name="runScenario" description="Runs Cucumber Scenarios" data-provider="scenarios" finished-at="2025-06-12T19:33:56 PDT" duration-ms="675" status="PASS">
          <params>
            <param index="0">
              <value>
                <![CDATA["Validate PUT user creation from Excel"]]>
              </value>
            </param>
            <param index="1">
              <value>
                <![CDATA["PUT operation Create User API Validation"]]>
              </value>
            </param>
          </params>
          <reporter-output>
          </reporter-output>
        </test-method> <!-- runScenario -->
        <test-method signature="runScenario(io.cucumber.testng.PickleWrapper,io.cucumber.testng.FeatureWrapper)[pri:0, instance:runner.TestRunner@7daa0fbd]" started-at="2025-06-12T19:33:56 PDT" name="runScenario" description="Runs Cucumber Scenarios" data-provider="scenarios" finished-at="2025-06-12T19:33:57 PDT" duration-ms="606" status="PASS">
          <params>
            <param index="0">
              <value>
                <![CDATA["Validate PUT user creation from Excel"]]>
              </value>
            </param>
            <param index="1">
              <value>
                <![CDATA["PUT operation Create User API Validation"]]>
              </value>
            </param>
          </params>
          <reporter-output>
          </reporter-output>
        </test-method> <!-- runScenario -->
        <test-method signature="runScenario(io.cucumber.testng.PickleWrapper,io.cucumber.testng.FeatureWrapper)[pri:0, instance:runner.TestRunner@7daa0fbd]" started-at="2025-06-12T19:33:57 PDT" name="runScenario" description="Runs Cucumber Scenarios" data-provider="scenarios" finished-at="2025-06-12T19:33:57 PDT" duration-ms="498" status="PASS">
          <params>
            <param index="0">
              <value>
                <![CDATA["Validate PUT user creation from Excel"]]>
              </value>
            </param>
            <param index="1">
              <value>
                <![CDATA["PUT operation Create User API Validation"]]>
              </value>
            </param>
          </params>
          <reporter-output>
          </reporter-output>
        </test-method> <!-- runScenario -->
        <test-method signature="runScenario(io.cucumber.testng.PickleWrapper,io.cucumber.testng.FeatureWrapper)[pri:0, instance:runner.TestRunner@7daa0fbd]" started-at="2025-06-12T19:33:57 PDT" name="runScenario" description="Runs Cucumber Scenarios" data-provider="scenarios" finished-at="2025-06-12T19:33:58 PDT" duration-ms="481" status="PASS">
          <params>
            <param index="0">
              <value>
                <![CDATA["Validate PUT user creation from Excel"]]>
              </value>
            </param>
            <param index="1">
              <value>
                <![CDATA["PUT operation Create User API Validation"]]>
              </value>
            </param>
          </params>
          <reporter-output>
          </reporter-output>
        </test-method> <!-- runScenario -->
        <test-method signature="runScenario(io.cucumber.testng.PickleWrapper,io.cucumber.testng.FeatureWrapper)[pri:0, instance:runner.TestRunner@7daa0fbd]" started-at="2025-06-12T19:33:58 PDT" name="runScenario" description="Runs Cucumber Scenarios" data-provider="scenarios" finished-at="2025-06-12T19:33:58 PDT" duration-ms="502" status="PASS">
          <params>
            <param index="0">
              <value>
                <![CDATA["Validate DELETE user with userid"]]>
              </value>
            </param>
            <param index="1">
              <value>
                <![CDATA["DELETE operation DELETE_userid API Validation"]]>
              </value>
            </param>
          </params>
          <reporter-output>
          </reporter-output>
        </test-method> <!-- runScenario -->
        <test-method signature="runScenario(io.cucumber.testng.PickleWrapper,io.cucumber.testng.FeatureWrapper)[pri:0, instance:runner.TestRunner@7daa0fbd]" started-at="2025-06-12T19:33:58 PDT" name="runScenario" description="Runs Cucumber Scenarios" data-provider="scenarios" finished-at="2025-06-12T19:33:59 PDT" duration-ms="593" status="PASS">
          <params>
            <param index="0">
              <value>
                <![CDATA["Validate DELETE user with userid"]]>
              </value>
            </param>
            <param index="1">
              <value>
                <![CDATA["DELETE operation DELETE_userid API Validation"]]>
              </value>
            </param>
          </params>
          <reporter-output>
          </reporter-output>
        </test-method> <!-- runScenario -->
        <test-method signature="runScenario(io.cucumber.testng.PickleWrapper,io.cucumber.testng.FeatureWrapper)[pri:0, instance:runner.TestRunner@7daa0fbd]" started-at="2025-06-12T19:33:59 PDT" name="runScenario" description="Runs Cucumber Scenarios" data-provider="scenarios" finished-at="2025-06-12T19:34:00 PDT" duration-ms="684" status="PASS">
          <params>
            <param index="0">
              <value>
                <![CDATA["Validate DELETE user with userid"]]>
              </value>
            </param>
            <param index="1">
              <value>
                <![CDATA["DELETE operation DELETE_userid API Validation"]]>
              </value>
            </param>
          </params>
          <reporter-output>
          </reporter-output>
        </test-method> <!-- runScenario -->
        <test-method signature="runScenario(io.cucumber.testng.PickleWrapper,io.cucumber.testng.FeatureWrapper)[pri:0, instance:runner.TestRunner@7daa0fbd]" started-at="2025-06-12T19:34:00 PDT" name="runScenario" description="Runs Cucumber Scenarios" data-provider="scenarios" finished-at="2025-06-12T19:34:00 PDT" duration-ms="594" status="PASS">
          <params>
            <param index="0">
              <value>
                <![CDATA["Validate DELETE user with userid"]]>
              </value>
            </param>
            <param index="1">
              <value>
                <![CDATA["DELETE operation DELETE_userid API Validation"]]>
              </value>
            </param>
          </params>
          <reporter-output>
          </reporter-output>
        </test-method> <!-- runScenario -->
        <test-method signature="runScenario(io.cucumber.testng.PickleWrapper,io.cucumber.testng.FeatureWrapper)[pri:0, instance:runner.TestRunner@7daa0fbd]" started-at="2025-06-12T19:34:00 PDT" name="runScenario" description="Runs Cucumber Scenarios" data-provider="scenarios" finished-at="2025-06-12T19:34:01 PDT" duration-ms="609" status="PASS">
          <params>
            <param index="0">
              <value>
                <![CDATA["Validate DELETE user with userid"]]>
              </value>
            </param>
            <param index="1">
              <value>
                <![CDATA["DELETE operation DELETE_userid API Validation"]]>
              </value>
            </param>
          </params>
          <reporter-output>
          </reporter-output>
        </test-method> <!-- runScenario -->
        <test-method signature="runScenario(io.cucumber.testng.PickleWrapper,io.cucumber.testng.FeatureWrapper)[pri:0, instance:runner.TestRunner@7daa0fbd]" started-at="2025-06-12T19:34:01 PDT" name="runScenario" description="Runs Cucumber Scenarios" data-provider="scenarios" finished-at="2025-06-12T19:34:01 PDT" duration-ms="557" status="PASS">
          <params>
            <param index="0">
              <value>
                <![CDATA["Validate POST user creation from Excel"]]>
              </value>
            </param>
            <param index="1">
              <value>
                <![CDATA["DELETE operation DELETE_username API Validation"]]>
              </value>
            </param>
          </params>
          <reporter-output>
          </reporter-output>
        </test-method> <!-- runScenario -->
        <test-method signature="runScenario(io.cucumber.testng.PickleWrapper,io.cucumber.testng.FeatureWrapper)[pri:0, instance:runner.TestRunner@7daa0fbd]" started-at="2025-06-12T19:34:01 PDT" name="runScenario" description="Runs Cucumber Scenarios" data-provider="scenarios" finished-at="2025-06-12T19:34:02 PDT" duration-ms="604" status="PASS">
          <params>
            <param index="0">
              <value>
                <![CDATA["Validate DELETE user with username"]]>
              </value>
            </param>
            <param index="1">
              <value>
                <![CDATA["DELETE operation DELETE_username API Validation"]]>
              </value>
            </param>
          </params>
          <reporter-output>
          </reporter-output>
        </test-method> <!-- runScenario -->
        <test-method signature="runScenario(io.cucumber.testng.PickleWrapper,io.cucumber.testng.FeatureWrapper)[pri:0, instance:runner.TestRunner@7daa0fbd]" started-at="2025-06-12T19:34:02 PDT" name="runScenario" description="Runs Cucumber Scenarios" data-provider="scenarios" finished-at="2025-06-12T19:34:03 PDT" duration-ms="617" status="PASS">
          <params>
            <param index="0">
              <value>
                <![CDATA["Validate DELETE user with username"]]>
              </value>
            </param>
            <param index="1">
              <value>
                <![CDATA["DELETE operation DELETE_username API Validation"]]>
              </value>
            </param>
          </params>
          <reporter-output>
          </reporter-output>
        </test-method> <!-- runScenario -->
        <test-method signature="runScenario(io.cucumber.testng.PickleWrapper,io.cucumber.testng.FeatureWrapper)[pri:0, instance:runner.TestRunner@7daa0fbd]" started-at="2025-06-12T19:34:03 PDT" name="runScenario" description="Runs Cucumber Scenarios" data-provider="scenarios" finished-at="2025-06-12T19:34:03 PDT" duration-ms="609" status="PASS">
          <params>
            <param index="0">
              <value>
                <![CDATA["Validate DELETE user with username"]]>
              </value>
            </param>
            <param index="1">
              <value>
                <![CDATA["DELETE operation DELETE_username API Validation"]]>
              </value>
            </param>
          </params>
          <reporter-output>
          </reporter-output>
        </test-method> <!-- runScenario -->
        <test-method signature="runScenario(io.cucumber.testng.PickleWrapper,io.cucumber.testng.FeatureWrapper)[pri:0, instance:runner.TestRunner@7daa0fbd]" started-at="2025-06-12T19:34:03 PDT" name="runScenario" description="Runs Cucumber Scenarios" data-provider="scenarios" finished-at="2025-06-12T19:34:04 PDT" duration-ms="517" status="PASS">
          <params>
            <param index="0">
              <value>
                <![CDATA["Validate DELETE user with username"]]>
              </value>
            </param>
            <param index="1">
              <value>
                <![CDATA["DELETE operation DELETE_username API Validation"]]>
              </value>
            </param>
          </params>
          <reporter-output>
          </reporter-output>
        </test-method> <!-- runScenario -->
        <test-method signature="runScenario(io.cucumber.testng.PickleWrapper,io.cucumber.testng.FeatureWrapper)[pri:0, instance:runner.TestRunner@7daa0fbd]" started-at="2025-06-12T19:34:04 PDT" name="runScenario" description="Runs Cucumber Scenarios" data-provider="scenarios" finished-at="2025-06-12T19:34:04 PDT" duration-ms="635" status="PASS">
          <params>
            <param index="0">
              <value>
                <![CDATA["Validate DELETE user with username"]]>
              </value>
            </param>
            <param index="1">
              <value>
                <![CDATA["DELETE operation DELETE_username API Validation"]]>
              </value>
            </param>
          </params>
          <reporter-output>
          </reporter-output>
        </test-method> <!-- runScenario -->
        <test-method signature="runScenario(io.cucumber.testng.PickleWrapper,io.cucumber.testng.FeatureWrapper)[pri:0, instance:runner.TestRunner@7daa0fbd]" started-at="2025-06-12T19:34:04 PDT" name="runScenario" description="Runs Cucumber Scenarios" data-provider="scenarios" finished-at="2025-06-12T19:34:05 PDT" duration-ms="519" status="PASS">
          <params>
            <param index="0">
              <value>
                <![CDATA["Validate POST user creation from Excel"]]>
              </value>
            </param>
            <param index="1">
              <value>
                <![CDATA["PATCH operation PATCH_userid API Validation"]]>
              </value>
            </param>
          </params>
          <reporter-output>
          </reporter-output>
        </test-method> <!-- runScenario -->
        <test-method signature="runScenario(io.cucumber.testng.PickleWrapper,io.cucumber.testng.FeatureWrapper)[pri:0, instance:runner.TestRunner@7daa0fbd]" started-at="2025-06-12T19:34:05 PDT" name="runScenario" description="Runs Cucumber Scenarios" data-provider="scenarios" finished-at="2025-06-12T19:34:05 PDT" duration-ms="514" status="PASS">
          <params>
            <param index="0">
              <value>
                <![CDATA["Validate PATCH user with userid"]]>
              </value>
            </param>
            <param index="1">
              <value>
                <![CDATA["PATCH operation PATCH_userid API Validation"]]>
              </value>
            </param>
          </params>
          <reporter-output>
          </reporter-output>
        </test-method> <!-- runScenario -->
        <test-method signature="runScenario(io.cucumber.testng.PickleWrapper,io.cucumber.testng.FeatureWrapper)[pri:0, instance:runner.TestRunner@7daa0fbd]" started-at="2025-06-12T19:34:05 PDT" name="runScenario" description="Runs Cucumber Scenarios" data-provider="scenarios" finished-at="2025-06-12T19:34:06 PDT" duration-ms="618" status="PASS">
          <params>
            <param index="0">
              <value>
                <![CDATA["Validate PATCH user with userid"]]>
              </value>
            </param>
            <param index="1">
              <value>
                <![CDATA["PATCH operation PATCH_userid API Validation"]]>
              </value>
            </param>
          </params>
          <reporter-output>
          </reporter-output>
        </test-method> <!-- runScenario -->
        <test-method signature="runScenario(io.cucumber.testng.PickleWrapper,io.cucumber.testng.FeatureWrapper)[pri:0, instance:runner.TestRunner@7daa0fbd]" started-at="2025-06-12T19:34:06 PDT" name="runScenario" description="Runs Cucumber Scenarios" data-provider="scenarios" finished-at="2025-06-12T19:34:07 PDT" duration-ms="646" status="PASS">
          <params>
            <param index="0">
              <value>
                <![CDATA["Validate PATCH user with userid"]]>
              </value>
            </param>
            <param index="1">
              <value>
                <![CDATA["PATCH operation PATCH_userid API Validation"]]>
              </value>
            </param>
          </params>
          <reporter-output>
          </reporter-output>
        </test-method> <!-- runScenario -->
        <test-method signature="runScenario(io.cucumber.testng.PickleWrapper,io.cucumber.testng.FeatureWrapper)[pri:0, instance:runner.TestRunner@7daa0fbd]" started-at="2025-06-12T19:34:07 PDT" name="runScenario" description="Runs Cucumber Scenarios" data-provider="scenarios" finished-at="2025-06-12T19:34:07 PDT" duration-ms="627" status="PASS">
          <params>
            <param index="0">
              <value>
                <![CDATA["Validate PATCH user with userid"]]>
              </value>
            </param>
            <param index="1">
              <value>
                <![CDATA["PATCH operation PATCH_userid API Validation"]]>
              </value>
            </param>
          </params>
          <reporter-output>
          </reporter-output>
        </test-method> <!-- runScenario -->
        <test-method is-config="true" signature="tearDownClass()[pri:0, instance:runner.TestRunner@7daa0fbd]" started-at="2025-06-12T19:34:07 PDT" name="tearDownClass" finished-at="2025-06-12T19:34:08 PDT" duration-ms="403" status="PASS">
          <reporter-output>
          </reporter-output>
        </test-method> <!-- tearDownClass -->
      </class> <!-- runner.TestRunner -->
    </test> <!-- Default test -->
  </suite> <!-- Default suite -->
</testng-results>
