<?xml version="1.0" encoding="UTF-8"?>
<!-- Generated by org.testng.reporters.JUnitReportReporter -->
<testsuite hostname="SRIDEVI-NARVA" failures="0" tests="4" name="tests.CreateUserTest" time="5.410" errors="0" timestamp="2025-06-09T13:23:59 EDT" skipped="0">
  <testcase classname="tests.CreateUserTest" name="createUserTest" time="0.266"/>
  <testcase classname="tests.CreateUserTest" name="createUserTest" time="0.269"/>
  <testcase classname="tests.CreateUserTest" name="createUserTest" time="4.571"/>
  <testcase classname="tests.CreateUserTest" name="createUserTest" time="0.304"/>
</testsuite> <!-- tests.CreateUserTest -->
