<?xml version="1.0" encoding="UTF-8"?>
<!-- Generated by org.testng.reporters.JUnitReportReporter -->
<testsuite hostname="hayden" failures="0" tests="50" name="runner.TestRunner" time="36.980" errors="0" timestamp="2025-06-12T19:34:08 PDT" skipped="0">
  <testcase classname="runner.TestRunner" name="runScenario" time="0.593"/>
  <testcase classname="runner.TestRunner" name="runScenario" time="0.637"/>
  <testcase classname="runner.TestRunner" name="runScenario" time="0.618"/>
  <testcase classname="runner.TestRunner" name="runScenario" time="0.502"/>
  <testcase classname="runner.TestRunner" name="runScenario" time="1.153"/>
  <testcase classname="runner.TestRunner" name="runScenario" time="0.646"/>
  <testcase classname="runner.TestRunner" name="runScenario" time="0.628"/>
  <testcase classname="runner.TestRunner" name="runScenario" time="0.677"/>
  <testcase classname="runner.TestRunner" name="runScenario" time="0.635"/>
  <testcase classname="runner.TestRunner" name="runScenario" time="0.670"/>
  <testcase classname="runner.TestRunner" name="runScenario" time="0.706"/>
  <testcase classname="runner.TestRunner" name="runScenario" time="0.653"/>
  <testcase classname="runner.TestRunner" name="runScenario" time="0.644"/>
  <testcase classname="runner.TestRunner" name="runScenario" time="0.498"/>
  <testcase classname="runner.TestRunner" name="runScenario" time="0.606"/>
  <testcase classname="runner.TestRunner" name="runScenario" time="0.609"/>
  <testcase classname="runner.TestRunner" name="runScenario" time="0.616"/>
  <testcase classname="runner.TestRunner" name="runScenario" time="0.609"/>
  <testcase classname="runner.TestRunner" name="runScenario" time="0.519"/>
  <testcase classname="runner.TestRunner" name="runScenario" time="0.706"/>
  <testcase classname="runner.TestRunner" name="runScenario" time="0.626"/>
  <testcase classname="runner.TestRunner" name="runScenario" time="0.637"/>
  <testcase classname="runner.TestRunner" name="runScenario" time="0.610"/>
  <testcase classname="runner.TestRunner" name="runScenario" time="0.627"/>
  <testcase classname="runner.TestRunner" name="runScenario" time="0.611"/>
  <testcase classname="runner.TestRunner" name="runScenario" time="0.514"/>
  <testcase classname="runner.TestRunner" name="runScenario" time="0.553"/>
  <testcase classname="runner.TestRunner" name="runScenario" time="0.612"/>
  <testcase classname="runner.TestRunner" name="runScenario" time="0.617"/>
  <testcase classname="runner.TestRunner" name="runScenario" time="0.675"/>
  <testcase classname="runner.TestRunner" name="runScenario" time="0.609"/>
  <testcase classname="runner.TestRunner" name="runScenario" time="0.611"/>
  <testcase classname="runner.TestRunner" name="runScenario" time="0.617"/>
  <testcase classname="runner.TestRunner" name="runScenario" time="0.573"/>
  <testcase classname="runner.TestRunner" name="runScenario" time="0.557"/>
  <testcase classname="runner.TestRunner" name="runScenario" time="0.626"/>
  <testcase classname="runner.TestRunner" name="runScenario" time="0.646"/>
  <testcase classname="runner.TestRunner" name="runScenario" time="0.698"/>
  <testcase classname="runner.TestRunner" name="runScenario" time="0.517"/>
  <testcase classname="runner.TestRunner" name="runScenario" time="0.544"/>
  <testcase classname="runner.TestRunner" name="runScenario" time="6.551"/>
  <testcase classname="runner.TestRunner" name="runScenario" time="0.648"/>
  <testcase classname="runner.TestRunner" name="runScenario" time="0.510"/>
  <testcase classname="runner.TestRunner" name="runScenario" time="0.481"/>
  <testcase classname="runner.TestRunner" name="runScenario" time="0.594"/>
  <testcase classname="runner.TestRunner" name="runScenario" time="0.609"/>
  <testcase classname="runner.TestRunner" name="runScenario" time="0.674"/>
  <testcase classname="runner.TestRunner" name="runScenario" time="0.620"/>
  <testcase classname="runner.TestRunner" name="runScenario" time="0.604"/>
  <testcase classname="runner.TestRunner" name="runScenario" time="0.684"/>
</testsuite> <!-- runner.TestRunner -->
