<?xml version="1.0" encoding="UTF-8"?>
<!-- Generated by org.testng.reporters.JUnitReportReporter -->
<testsuite hostname="SRIDEVI-NARVA" failures="0" tests="4" name="tests.UserApiTests" time="4.030" errors="0" timestamp="2025-06-09T00:20:32 EDT" skipped="0">
  <testcase classname="tests.UserApiTests" name="createUserTest" time="3.176"/>
  <testcase classname="tests.UserApiTests" name="createUserTest" time="0.327"/>
  <testcase classname="tests.UserApiTests" name="createUserTest" time="0.266"/>
  <testcase classname="tests.UserApiTests" name="createUserTest" time="0.261"/>
</testsuite> <!-- tests.UserApiTests -->
