<?xml version="1.0" encoding="UTF-8"?>
<!-- Generated by org.testng.reporters.JUnitReportReporter -->
<testsuite hostname="SRIDEVI-NARVA" failures="0" tests="3" name="tests.GetUserByIdTest" time="0.889" errors="0" timestamp="2025-06-09T13:23:59 EDT" skipped="0">
  <testcase classname="tests.GetUserByIdTest" name="getUserByIdTest" time="0.263"/>
  <testcase classname="tests.GetUserByIdTest" name="getUserByIdTest" time="0.326"/>
  <testcase classname="tests.GetUserByIdTest" name="getUserByIdTest" time="0.300"/>
</testsuite> <!-- tests.GetUserByIdTest -->
